<?xml version="1.0" encoding="UTF-8"?>
<coverage generated="1781548791954" clover="3.2.0">
  <project timestamp="1781548791954" name="All files">
    <metrics statements="207" coveredstatements="178" conditionals="126" coveredconditionals="96" methods="67" coveredmethods="52" elements="400" coveredelements="326" complexity="0" loc="207" ncloc="207" packages="6" files="10" classes="10"/>
    <package name="app.(drawer)">
      <metrics statements="46" coveredstatements="34" conditionals="30" coveredconditionals="22" methods="14" coveredmethods="10"/>
      <file name="profile.tsx" path="/Users/teddeejordan/Desktop/Development/mood_buddy/app/(drawer)/profile.tsx">
        <metrics statements="42" coveredstatements="31" conditionals="30" coveredconditionals="22" methods="12" coveredmethods="9"/>
        <line num="21" count="2" type="stmt"/>
        <line num="22" count="2" type="stmt"/>
        <line num="25" count="34" type="stmt"/>
        <line num="26" count="34" type="stmt"/>
        <line num="27" count="34" type="stmt"/>
        <line num="28" count="34" type="stmt"/>
        <line num="29" count="34" type="stmt"/>
        <line num="30" count="34" type="stmt"/>
        <line num="31" count="34" type="stmt"/>
        <line num="33" count="34" type="stmt"/>
        <line num="34" count="15" type="stmt"/>
        <line num="35" count="11" type="stmt"/>
        <line num="37" count="11" type="cond" truecount="1" falsecount="1"/>
        <line num="42" count="34" type="stmt"/>
        <line num="44" count="0" type="stmt"/>
        <line num="45" count="0" type="stmt"/>
        <line num="46" count="0" type="stmt"/>
        <line num="50" count="34" type="stmt"/>
        <line num="51" count="5" type="stmt"/>
        <line num="52" count="5" type="stmt"/>
        <line num="53" count="5" type="stmt"/>
        <line num="56" count="34" type="stmt"/>
        <line num="57" count="1" type="stmt"/>
        <line num="60" count="34" type="stmt"/>
        <line num="61" count="1" type="stmt"/>
        <line num="62" count="1" type="stmt"/>
        <line num="63" count="1" type="stmt"/>
        <line num="64" count="1" type="stmt"/>
        <line num="67" count="34" type="stmt"/>
        <line num="68" count="0" type="stmt"/>
        <line num="69" count="0" type="cond" truecount="0" falsecount="2"/>
        <line num="70" count="0" type="stmt"/>
        <line num="74" count="0" type="stmt"/>
        <line num="76" count="0" type="stmt"/>
        <line num="82" count="0" type="cond" truecount="0" falsecount="4"/>
        <line num="83" count="0" type="stmt"/>
        <line num="87" count="34" type="cond" truecount="2" falsecount="0"/>
        <line num="88" count="34" type="cond" truecount="2" falsecount="0"/>
        <line num="90" count="34" type="stmt"/>
        <line num="95" count="0" type="stmt"/>
        <line num="140" count="2" type="stmt"/>
        <line num="175" count="2" type="stmt"/>
      </file>
      <file name="settings.tsx" path="/Users/teddeejordan/Desktop/Development/mood_buddy/app/(drawer)/settings.tsx">
        <metrics statements="4" coveredstatements="3" conditionals="0" coveredconditionals="0" methods="2" coveredmethods="1"/>
        <line num="8" count="2" type="stmt"/>
        <line num="10" count="2" type="stmt"/>
        <line num="15" count="0" type="stmt"/>
        <line num="29" count="1" type="stmt"/>
      </file>
    </package>
    <package name="app.(drawer).(tabs)">
      <metrics statements="70" coveredstatements="59" conditionals="49" coveredconditionals="35" methods="20" coveredmethods="13"/>
      <file name="dashboard.tsx" path="/Users/teddeejordan/Desktop/Development/mood_buddy/app/(drawer)/(tabs)/dashboard.tsx">
        <metrics statements="44" coveredstatements="34" conditionals="24" coveredconditionals="16" methods="15" coveredmethods="9"/>
        <line num="37" count="1" type="stmt"/>
        <line num="38" count="1" type="stmt"/>
        <line num="47" count="6" type="stmt"/>
        <line num="48" count="6" type="stmt"/>
        <line num="51" count="18" type="stmt"/>
        <line num="54" count="1" type="stmt"/>
        <line num="75" count="18" type="stmt"/>
        <line num="80" count="117" type="cond" truecount="1" falsecount="1"/>
        <line num="82" count="117" type="cond" truecount="1" falsecount="1"/>
        <line num="83" count="117" type="stmt"/>
        <line num="112" count="117" type="stmt"/>
        <line num="128" count="12" type="cond" truecount="1" falsecount="1"/>
        <line num="129" count="12" type="stmt"/>
        <line num="131" count="0" type="stmt"/>
        <line num="132" count="0" type="stmt"/>
        <line num="135" count="0" type="stmt"/>
        <line num="136" count="0" type="stmt"/>
        <line num="137" count="0" type="stmt"/>
        <line num="148" count="6" type="stmt"/>
        <line num="167" count="6" type="stmt"/>
        <line num="168" count="6" type="stmt"/>
        <line num="169" count="6" type="stmt"/>
        <line num="170" count="6" type="stmt"/>
        <line num="172" count="6" type="stmt"/>
        <line num="174" count="0" type="stmt"/>
        <line num="175" count="0" type="stmt"/>
        <line num="176" count="0" type="stmt"/>
        <line num="177" count="0" type="stmt"/>
        <line num="182" count="6" type="cond" truecount="2" falsecount="0"/>
        <line num="188" count="6" type="stmt"/>
        <line num="190" count="6" type="stmt"/>
        <line num="191" count="6" type="stmt"/>
        <line num="192" count="6" type="stmt"/>
        <line num="193" count="6" type="stmt"/>
        <line num="194" count="6" type="stmt"/>
        <line num="195" count="6" type="stmt"/>
        <line num="197" count="6" type="stmt"/>
        <line num="202" count="0" type="stmt"/>
        <line num="250" count="1" type="stmt"/>
        <line num="252" count="1" type="stmt"/>
        <line num="275" count="1" type="stmt"/>
        <line num="299" count="1" type="stmt"/>
        <line num="328" count="1" type="stmt"/>
        <line num="354" count="1" type="stmt"/>
      </file>
      <file name="index.tsx" path="/Users/teddeejordan/Desktop/Development/mood_buddy/app/(drawer)/(tabs)/index.tsx">
        <metrics statements="26" coveredstatements="25" conditionals="25" coveredconditionals="19" methods="5" coveredmethods="4"/>
        <line num="13" count="16" type="stmt"/>
        <line num="14" count="16" type="stmt"/>
        <line num="16" count="16" type="stmt"/>
        <line num="17" count="16" type="stmt"/>
        <line num="18" count="16" type="stmt"/>
        <line num="19" count="16" type="stmt"/>
        <line num="20" count="16" type="stmt"/>
        <line num="22" count="16" type="cond" truecount="2" falsecount="0"/>
        <line num="23" count="16" type="cond" truecount="2" falsecount="0"/>
        <line num="26" count="2" type="cond" truecount="5" falsecount="0"/>
        <line num="27" count="1" type="stmt"/>
        <line num="28" count="1" type="stmt"/>
        <line num="31" count="1" type="stmt"/>
        <line num="40" count="1" type="stmt"/>
        <line num="41" count="1" type="stmt"/>
        <line num="42" count="1" type="stmt"/>
        <line num="43" count="1" type="stmt"/>
        <line num="44" count="1" type="stmt"/>
        <line num="46" count="1" type="stmt"/>
        <line num="50" count="4" type="stmt"/>
        <line num="51" count="4" type="cond" truecount="2" falsecount="0"/>
        <line num="55" count="2" type="stmt"/>
        <line num="56" count="2" type="cond" truecount="2" falsecount="0"/>
        <line num="59" count="16" type="stmt"/>
        <line num="64" count="0" type="stmt"/>
        <line num="141" count="1" type="stmt"/>
      </file>
    </package>
    <package name="components">
      <metrics statements="6" coveredstatements="6" conditionals="7" coveredconditionals="5" methods="4" coveredmethods="4"/>
      <file name="emoji-picker.tsx" path="/Users/teddeejordan/Desktop/Development/mood_buddy/components/emoji-picker.tsx">
        <metrics statements="6" coveredstatements="6" conditionals="7" coveredconditionals="5" methods="4" coveredmethods="4"/>
        <line num="12" count="53" type="stmt"/>
        <line num="15" count="260" type="stmt"/>
        <line num="16" count="260" type="stmt"/>
        <line num="19" count="260" type="stmt"/>
        <line num="24" count="9" type="stmt"/>
        <line num="41" count="2" type="stmt"/>
      </file>
    </package>
    <package name="constants">
      <metrics statements="6" coveredstatements="6" conditionals="0" coveredconditionals="0" methods="0" coveredmethods="0"/>
      <file name="mood-data.ts" path="/Users/teddeejordan/Desktop/Development/mood_buddy/constants/mood-data.ts">
        <metrics statements="3" coveredstatements="3" conditionals="0" coveredconditionals="0" methods="0" coveredmethods="0"/>
        <line num="7" count="4" type="stmt"/>
        <line num="15" count="4" type="stmt"/>
        <line num="23" count="4" type="stmt"/>
      </file>
      <file name="theme.ts" path="/Users/teddeejordan/Desktop/Development/mood_buddy/constants/theme.ts">
        <metrics statements="3" coveredstatements="3" conditionals="0" coveredconditionals="0" methods="0" coveredmethods="0"/>
        <line num="13" count="5" type="stmt"/>
        <line num="37" count="5" type="stmt"/>
        <line num="56" count="5" type="stmt"/>
      </file>
    </package>
    <package name="hooks">
      <metrics statements="5" coveredstatements="5" conditionals="4" coveredconditionals="4" methods="1" coveredmethods="1"/>
      <file name="use-theme-color.ts" path="/Users/teddeejordan/Desktop/Development/mood_buddy/hooks/use-theme-color.ts">
        <metrics statements="5" coveredstatements="5" conditionals="4" coveredconditionals="4" methods="1" coveredmethods="1"/>
        <line num="13" count="5" type="cond" truecount="2" falsecount="0"/>
        <line num="14" count="5" type="stmt"/>
        <line num="16" count="5" type="cond" truecount="2" falsecount="0"/>
        <line num="17" count="2" type="stmt"/>
        <line num="19" count="3" type="stmt"/>
      </file>
    </package>
    <package name="lib">
      <metrics statements="74" coveredstatements="68" conditionals="36" coveredconditionals="30" methods="28" coveredmethods="24"/>
      <file name="dashboard-utils.ts" path="/Users/teddeejordan/Desktop/Development/mood_buddy/lib/dashboard-utils.ts">
        <metrics statements="59" coveredstatements="53" conditionals="28" coveredconditionals="22" methods="20" coveredmethods="16"/>
        <line num="11" count="2" type="stmt"/>
        <line num="12" count="2" type="stmt"/>
        <line num="14" count="2" type="stmt"/>
        <line num="23" count="247" type="stmt"/>
        <line num="27" count="212" type="stmt"/>
        <line num="28" count="212" type="stmt"/>
        <line num="29" count="212" type="stmt"/>
        <line num="33" count="19" type="cond" truecount="2" falsecount="0"/>
        <line num="37" count="13" type="stmt"/>
        <line num="38" count="13" type="stmt"/>
        <line num="39" count="13" type="stmt"/>
        <line num="41" count="13" type="cond" truecount="2" falsecount="0"/>
        <line num="46" count="13" type="cond" truecount="2" falsecount="0"/>
        <line num="48" count="5" type="stmt"/>
        <line num="49" count="5" type="stmt"/>
        <line num="50" count="5" type="stmt"/>
        <line num="51" count="9" type="stmt"/>
        <line num="52" count="9" type="stmt"/>
        <line num="54" count="5" type="stmt"/>
        <line num="61" count="19" type="stmt"/>
        <line num="62" count="19" type="stmt"/>
        <line num="63" count="8" type="cond" truecount="2" falsecount="0"/>
        <line num="64" count="6" type="stmt"/>
        <line num="68" count="21" type="cond" truecount="2" falsecount="0"/>
        <line num="69" count="16" type="cond" truecount="2" falsecount="0"/>
        <line num="71" count="19" type="stmt"/>
        <line num="72" count="7" type="stmt"/>
        <line num="74" count="10" type="stmt"/>
        <line num="82" count="27" type="stmt"/>
        <line num="84" count="27" type="cond" truecount="2" falsecount="0"/>
        <line num="85" count="20" type="stmt"/>
        <line num="86" count="140" type="stmt"/>
        <line num="87" count="140" type="stmt"/>
        <line num="88" count="140" type="stmt"/>
        <line num="89" count="140" type="cond" truecount="2" falsecount="0"/>
        <line num="90" count="3" type="stmt"/>
        <line num="92" count="140" type="stmt"/>
        <line num="96" count="7" type="cond" truecount="2" falsecount="0"/>
        <line num="97" count="5" type="stmt"/>
        <line num="98" count="20" type="stmt"/>
        <line num="99" count="20" type="stmt"/>
        <line num="100" count="20" type="stmt"/>
        <line num="101" count="20" type="stmt"/>
        <line num="102" count="20" type="stmt"/>
        <line num="103" count="0" type="stmt"/>
        <line num="104" count="0" type="cond" truecount="0" falsecount="2"/>
        <line num="106" count="20" type="cond" truecount="1" falsecount="1"/>
        <line num="107" count="0" type="stmt"/>
        <line num="109" count="20" type="stmt"/>
        <line num="113" count="2" type="stmt"/>
        <line num="114" count="24" type="stmt"/>
        <line num="115" count="24" type="stmt"/>
        <line num="116" count="24" type="stmt"/>
        <line num="117" count="24" type="stmt"/>
        <line num="118" count="0" type="stmt"/>
        <line num="119" count="0" type="cond" truecount="0" falsecount="2"/>
        <line num="121" count="24" type="cond" truecount="1" falsecount="1"/>
        <line num="122" count="0" type="stmt"/>
        <line num="124" count="24" type="stmt"/>
      </file>
      <file name="database.ts" path="/Users/teddeejordan/Desktop/Development/mood_buddy/lib/database.ts">
        <metrics statements="15" coveredstatements="15" conditionals="8" coveredconditionals="8" methods="8" coveredmethods="8"/>
        <line num="3" count="3" type="stmt"/>
        <line num="16" count="1" type="stmt"/>
        <line num="30" count="3" type="stmt"/>
        <line num="38" count="1" type="stmt"/>
        <line num="42" count="1" type="stmt"/>
        <line num="54" count="1" type="stmt"/>
        <line num="65" count="2" type="stmt"/>
        <line num="72" count="3" type="stmt"/>
        <line num="79" count="2" type="stmt"/>
        <line num="82" count="2" type="stmt"/>
        <line num="83" count="2" type="stmt"/>
        <line num="84" count="3" type="stmt"/>
        <line num="85" count="3" type="stmt"/>
        <line num="86" count="3" type="stmt"/>
        <line num="88" count="2" type="stmt"/>
      </file>
    </package>
  </project>
</coverage>
