{"/Users/teddeejordan/Desktop/Development/mood_buddy/app/(drawer)/profile.tsx": {"path":"/Users/teddeejordan/Desktop/Development/mood_buddy/app/(drawer)/profile.tsx","statementMap":{"0":{"start":{"line":21,"column":10},"end":{"line":21,"column":25}},"1":{"start":{"line":22,"column":18},"end":{"line":22,"column":22}},"2":{"start":{"line":25,"column":21},"end":{"line":25,"column":36}},"3":{"start":{"line":26,"column":32},"end":{"line":26,"column":47}},"4":{"start":{"line":27,"column":24},"end":{"line":27,"column":36}},"5":{"start":{"line":28,"column":34},"end":{"line":28,"column":63}},"6":{"start":{"line":29,"column":34},"end":{"line":29,"column":46}},"7":{"start":{"line":30,"column":38},"end":{"line":30,"column":67}},"8":{"start":{"line":31,"column":28},"end":{"line":31,"column":75}},"9":{"start":{"line":33,"column":2},"end":{"line":40,"column":9}},"10":{"start":{"line":34,"column":4},"end":{"line":39,"column":23}},"11":{"start":{"line":35,"column":17},"end":{"line":35,"column":25}},"12":{"start":{"line":37,"column":8},"end":{"line":37,"column":41}},"13":{"start":{"line":37,"column":23},"end":{"line":37,"column":41}},"14":{"start":{"line":42,"column":2},"end":{"line":48,"column":4}},"15":{"start":{"line":44,"column":22},"end":{"line":44,"column":34}},"16":{"start":{"line":45,"column":6},"end":{"line":45,"column":26}},"17":{"start":{"line":46,"column":6},"end":{"line":46,"column":37}},"18":{"start":{"line":50,"column":21},"end":{"line":54,"column":3}},"19":{"start":{"line":51,"column":4},"end":{"line":51,"column":21}},"20":{"start":{"line":52,"column":4},"end":{"line":52,"column":28}},"21":{"start":{"line":53,"column":4},"end":{"line":53,"column":21}},"22":{"start":{"line":56,"column":23},"end":{"line":58,"column":3}},"23":{"start":{"line":57,"column":4},"end":{"line":57,"column":22}},"24":{"start":{"line":60,"column":21},"end":{"line":65,"column":3}},"25":{"start":{"line":61,"column":4},"end":{"line":61,"column":58}},"26":{"start":{"line":62,"column":4},"end":{"line":62,"column":21}},"27":{"start":{"line":63,"column":4},"end":{"line":63,"column":28}},"28":{"start":{"line":64,"column":4},"end":{"line":64,"column":22}},"29":{"start":{"line":67,"column":26},"end":{"line":85,"column":3}},"30":{"start":{"line":68,"column":23},"end":{"line":68,"column":78}},"31":{"start":{"line":69,"column":4},"end":{"line":75,"column":5}},"32":{"start":{"line":70,"column":6},"end":{"line":73,"column":8}},"33":{"start":{"line":74,"column":6},"end":{"line":74,"column":13}},"34":{"start":{"line":76,"column":19},"end":{"line":81,"column":6}},"35":{"start":{"line":82,"column":4},"end":{"line":84,"column":5}},"36":{"start":{"line":83,"column":6},"end":{"line":83,"column":42}},"37":{"start":{"line":87,"column":23},"end":{"line":87,"column":54}},"38":{"start":{"line":88,"column":21},"end":{"line":88,"column":45}},"39":{"start":{"line":90,"column":2},"end":{"line":172,"column":4}},"40":{"start":{"line":95,"column":25},"end":{"line":95,"column":72}},"41":{"start":{"line":140,"column":35},"end":{"line":140,"column":69}},"42":{"start":{"line":175,"column":10},"end":{"line":259,"column":2}}},"fnMap":{"0":{"name":"ProfileScreen","decl":{"start":{"line":24,"column":24},"end":{"line":24,"column":37}},"loc":{"start":{"line":24,"column":40},"end":{"line":173,"column":1}},"line":24},"1":{"name":"(anonymous_1)","decl":{"start":{"line":33,"column":12},"end":{"line":33,"column":13}},"loc":{"start":{"line":33,"column":18},"end":{"line":40,"column":3}},"line":33},"2":{"name":"(anonymous_2)","decl":{"start":{"line":35,"column":12},"end":{"line":35,"column":13}},"loc":{"start":{"line":35,"column":17},"end":{"line":35,"column":25}},"line":35},"3":{"name":"(anonymous_3)","decl":{"start":{"line":36,"column":12},"end":{"line":36,"column":13}},"loc":{"start":{"line":36,"column":50},"end":{"line":38,"column":7}},"line":36},"4":{"name":"(anonymous_4)","decl":{"start":{"line":39,"column":13},"end":{"line":39,"column":14}},"loc":{"start":{"line":39,"column":19},"end":{"line":39,"column":21}},"line":39},"5":{"name":"(anonymous_5)","decl":{"start":{"line":43,"column":16},"end":{"line":43,"column":17}},"loc":{"start":{"line":43,"column":22},"end":{"line":47,"column":5}},"line":43},"6":{"name":"(anonymous_6)","decl":{"start":{"line":50,"column":21},"end":{"line":50,"column":22}},"loc":{"start":{"line":50,"column":27},"end":{"line":54,"column":3}},"line":50},"7":{"name":"(anonymous_7)","decl":{"start":{"line":56,"column":23},"end":{"line":56,"column":24}},"loc":{"start":{"line":56,"column":29},"end":{"line":58,"column":3}},"line":56},"8":{"name":"(anonymous_8)","decl":{"start":{"line":60,"column":21},"end":{"line":60,"column":22}},"loc":{"start":{"line":60,"column":27},"end":{"line":65,"column":3}},"line":60},"9":{"name":"(anonymous_9)","decl":{"start":{"line":67,"column":26},"end":{"line":67,"column":27}},"loc":{"start":{"line":67,"column":38},"end":{"line":85,"column":3}},"line":67},"10":{"name":"(anonymous_10)","decl":{"start":{"line":95,"column":19},"end":{"line":95,"column":20}},"loc":{"start":{"line":95,"column":25},"end":{"line":95,"column":72}},"line":95},"11":{"name":"(anonymous_11)","decl":{"start":{"line":140,"column":30},"end":{"line":140,"column":31}},"loc":{"start":{"line":140,"column":35},"end":{"line":140,"column":69}},"line":140}},"branchMap":{"0":{"loc":{"start":{"line":37,"column":8},"end":{"line":37,"column":41}},"type":"if","locations":[{"start":{"line":37,"column":8},"end":{"line":37,"column":41}},{"start":{},"end":{}}],"line":37},"1":{"loc":{"start":{"line":69,"column":4},"end":{"line":75,"column":5}},"type":"if","locations":[{"start":{"line":69,"column":4},"end":{"line":75,"column":5}},{"start":{},"end":{}}],"line":69},"2":{"loc":{"start":{"line":82,"column":4},"end":{"line":84,"column":5}},"type":"if","locations":[{"start":{"line":82,"column":4},"end":{"line":84,"column":5}},{"start":{},"end":{}}],"line":82},"3":{"loc":{"start":{"line":82,"column":8},"end":{"line":82,"column":44}},"type":"binary-expr","locations":[{"start":{"line":82,"column":8},"end":{"line":82,"column":24}},{"start":{"line":82,"column":28},"end":{"line":82,"column":44}}],"line":82},"4":{"loc":{"start":{"line":87,"column":23},"end":{"line":87,"column":54}},"type":"cond-expr","locations":[{"start":{"line":87,"column":33},"end":{"line":87,"column":43}},{"start":{"line":87,"column":46},"end":{"line":87,"column":54}}],"line":87},"5":{"loc":{"start":{"line":88,"column":21},"end":{"line":88,"column":45}},"type":"cond-expr","locations":[{"start":{"line":88,"column":31},"end":{"line":88,"column":39}},{"start":{"line":88,"column":42},"end":{"line":88,"column":45}}],"line":88},"6":{"loc":{"start":{"line":99,"column":9},"end":{"line":106,"column":9}},"type":"cond-expr","locations":[{"start":{"line":100,"column":10},"end":{"line":103,"column":13}},{"start":{"line":105,"column":10},"end":{"line":105,"column":84}}],"line":99},"7":{"loc":{"start":{"line":115,"column":19},"end":{"line":115,"column":56}},"type":"cond-expr","locations":[{"start":{"line":115,"column":29},"end":{"line":115,"column":44}},{"start":{"line":115,"column":47},"end":{"line":115,"column":56}}],"line":115},"8":{"loc":{"start":{"line":116,"column":25},"end":{"line":116,"column":42}},"type":"cond-expr","locations":[{"start":{"line":116,"column":35},"end":{"line":116,"column":38}},{"start":{"line":116,"column":41},"end":{"line":116,"column":42}}],"line":116},"9":{"loc":{"start":{"line":119,"column":11},"end":{"line":125,"column":11}},"type":"cond-expr","locations":[{"start":{"line":120,"column":12},"end":{"line":120,"column":69}},{"start":{"line":122,"column":12},"end":{"line":124,"column":19}}],"line":119},"10":{"loc":{"start":{"line":126,"column":11},"end":{"line":130,"column":11}},"type":"binary-expr","locations":[{"start":{"line":126,"column":11},"end":{"line":126,"column":18}},{"start":{"line":127,"column":12},"end":{"line":129,"column":19}}],"line":126},"11":{"loc":{"start":{"line":135,"column":11},"end":{"line":155,"column":11}},"type":"cond-expr","locations":[{"start":{"line":136,"column":12},"end":{"line":150,"column":15}},{"start":{"line":152,"column":12},"end":{"line":154,"column":19}}],"line":135},"12":{"loc":{"start":{"line":152,"column":37},"end":{"line":152,"column":68}},"type":"binary-expr","locations":[{"start":{"line":152,"column":37},"end":{"line":152,"column":48}},{"start":{"line":152,"column":52},"end":{"line":152,"column":68}}],"line":152},"13":{"loc":{"start":{"line":153,"column":15},"end":{"line":153,"column":59}},"type":"binary-expr","locations":[{"start":{"line":153,"column":15},"end":{"line":153,"column":25}},{"start":{"line":153,"column":29},"end":{"line":153,"column":59}}],"line":153},"14":{"loc":{"start":{"line":160,"column":11},"end":{"line":168,"column":11}},"type":"cond-expr","locations":[{"start":{"line":161,"column":12},"end":{"line":165,"column":15}},{"start":{"line":167,"column":12},"end":{"line":167,"column":58}}],"line":160}},"s":{"0":2,"1":2,"2":34,"3":34,"4":34,"5":34,"6":34,"7":34,"8":34,"9":34,"10":15,"11":11,"12":11,"13":11,"14":34,"15":0,"16":0,"17":0,"18":34,"19":5,"20":5,"21":5,"22":34,"23":1,"24":34,"25":1,"26":1,"27":1,"28":1,"29":34,"30":0,"31":0,"32":0,"33":0,"34":0,"35":0,"36":0,"37":34,"38":34,"39":34,"40":0,"41":2,"42":2},"f":{"0":34,"1":15,"2":11,"3":11,"4":1,"5":0,"6":5,"7":1,"8":1,"9":0,"10":0,"11":2},"b":{"0":[11,0],"1":[0,0],"2":[0,0],"3":[0,0],"4":[6,28],"5":[6,28],"6":[6,28],"7":[6,28],"8":[6,28],"9":[0,34],"10":[34,6],"11":[6,28],"12":[28,28],"13":[28,28],"14":[19,15]},"_coverageSchema":"1a1c01bbd47fc00a2c39e90264f33305004495a9","hash":"4125217e62f0870f6c782df418f174025af1963d"}
,"/Users/teddeejordan/Desktop/Development/mood_buddy/app/(drawer)/settings.tsx": {"path":"/Users/teddeejordan/Desktop/Development/mood_buddy/app/(drawer)/settings.tsx","statementMap":{"0":{"start":{"line":8,"column":21},"end":{"line":8,"column":36}},"1":{"start":{"line":10,"column":2},"end":{"line":26,"column":4}},"2":{"start":{"line":15,"column":25},"end":{"line":15,"column":72}},"3":{"start":{"line":29,"column":15},"end":{"line":50,"column":2}}},"fnMap":{"0":{"name":"SettingsScreen","decl":{"start":{"line":7,"column":24},"end":{"line":7,"column":38}},"loc":{"start":{"line":7,"column":41},"end":{"line":27,"column":1}},"line":7},"1":{"name":"(anonymous_1)","decl":{"start":{"line":15,"column":19},"end":{"line":15,"column":20}},"loc":{"start":{"line":15,"column":25},"end":{"line":15,"column":72}},"line":15}},"branchMap":{},"s":{"0":2,"1":2,"2":0,"3":1},"f":{"0":2,"1":0},"b":{},"_coverageSchema":"1a1c01bbd47fc00a2c39e90264f33305004495a9","hash":"54b3e9aa9966b59af97561b72705d644b9e21343"}
,"/Users/teddeejordan/Desktop/Development/mood_buddy/app/(drawer)/(tabs)/dashboard.tsx": {"path":"/Users/teddeejordan/Desktop/Development/mood_buddy/app/(drawer)/(tabs)/dashboard.tsx","statementMap":{"0":{"start":{"line":37,"column":16},"end":{"line":37,"column":19}},"1":{"start":{"line":38,"column":18},"end":{"line":38,"column":21}},"2":{"start":{"line":47,"column":30},"end":{"line":47,"column":55}},"3":{"start":{"line":48,"column":2},"end":{"line":63,"column":4}},"4":{"start":{"line":51,"column":8},"end":{"line":60,"column":27}},"5":{"start":{"line":54,"column":25},"end":{"line":54,"column":36}},"6":{"start":{"line":75,"column":2},"end":{"line":118,"column":4}},"7":{"start":{"line":80,"column":12},"end":{"line":80,"column":76}},"8":{"start":{"line":82,"column":12},"end":{"line":82,"column":72}},"9":{"start":{"line":83,"column":10},"end":{"line":106,"column":12}},"10":{"start":{"line":112,"column":10},"end":{"line":114,"column":17}},"11":{"start":{"line":128,"column":2},"end":{"line":130,"column":3}},"12":{"start":{"line":129,"column":4},"end":{"line":129,"column":53}},"13":{"start":{"line":131,"column":19},"end":{"line":131,"column":33}},"14":{"start":{"line":132,"column":2},"end":{"line":144,"column":4}},"15":{"start":{"line":135,"column":25},"end":{"line":135,"column":65}},"16":{"start":{"line":136,"column":24},"end":{"line":136,"column":54}},"17":{"start":{"line":137,"column":8},"end":{"line":141,"column":10}},"18":{"start":{"line":148,"column":2},"end":{"line":161,"column":4}},"19":{"start":{"line":167,"column":21},"end":{"line":167,"column":36}},"20":{"start":{"line":168,"column":28},"end":{"line":168,"column":55}},"21":{"start":{"line":169,"column":32},"end":{"line":169,"column":57}},"22":{"start":{"line":170,"column":34},"end":{"line":170,"column":56}},"23":{"start":{"line":172,"column":2},"end":{"line":179,"column":4}},"24":{"start":{"line":174,"column":18},"end":{"line":174,"column":28}},"25":{"start":{"line":175,"column":22},"end":{"line":175,"column":40}},"26":{"start":{"line":176,"column":6},"end":{"line":176,"column":83}},"27":{"start":{"line":177,"column":6},"end":{"line":177,"column":38}},"28":{"start":{"line":182,"column":4},"end":{"line":186,"column":33}},"29":{"start":{"line":188,"column":18},"end":{"line":188,"column":70}},"30":{"start":{"line":188,"column":38},"end":{"line":188,"column":69}},"31":{"start":{"line":190,"column":19},"end":{"line":190,"column":52}},"32":{"start":{"line":191,"column":21},"end":{"line":191,"column":56}},"33":{"start":{"line":192,"column":22},"end":{"line":192,"column":58}},"34":{"start":{"line":193,"column":23},"end":{"line":193,"column":72}},"35":{"start":{"line":193,"column":54},"end":{"line":193,"column":67}},"36":{"start":{"line":194,"column":22},"end":{"line":194,"column":72}},"37":{"start":{"line":194,"column":53},"end":{"line":194,"column":67}},"38":{"start":{"line":195,"column":17},"end":{"line":195,"column":40}},"39":{"start":{"line":197,"column":2},"end":{"line":245,"column":4}},"40":{"start":{"line":202,"column":25},"end":{"line":202,"column":72}},"41":{"start":{"line":250,"column":10},"end":{"line":250,"column":25}},"42":{"start":{"line":252,"column":10},"end":{"line":273,"column":2}},"43":{"start":{"line":275,"column":11},"end":{"line":297,"column":2}},"44":{"start":{"line":299,"column":11},"end":{"line":326,"column":2}},"45":{"start":{"line":328,"column":11},"end":{"line":352,"column":2}},"46":{"start":{"line":354,"column":11},"end":{"line":379,"column":2}}},"fnMap":{"0":{"name":"RangeSelector","decl":{"start":{"line":40,"column":9},"end":{"line":40,"column":22}},"loc":{"start":{"line":46,"column":3},"end":{"line":64,"column":1}},"line":46},"1":{"name":"(anonymous_1)","decl":{"start":{"line":50,"column":18},"end":{"line":50,"column":19}},"loc":{"start":{"line":51,"column":8},"end":{"line":60,"column":27}},"line":51},"2":{"name":"(anonymous_2)","decl":{"start":{"line":54,"column":19},"end":{"line":54,"column":20}},"loc":{"start":{"line":54,"column":25},"end":{"line":54,"column":36}},"line":54},"3":{"name":"BarChart","decl":{"start":{"line":66,"column":9},"end":{"line":66,"column":17}},"loc":{"start":{"line":74,"column":3},"end":{"line":119,"column":1}},"line":74},"4":{"name":"(anonymous_4)","decl":{"start":{"line":78,"column":18},"end":{"line":78,"column":19}},"loc":{"start":{"line":78,"column":30},"end":{"line":107,"column":9}},"line":78},"5":{"name":"(anonymous_5)","decl":{"start":{"line":111,"column":18},"end":{"line":111,"column":19}},"loc":{"start":{"line":112,"column":10},"end":{"line":114,"column":17}},"line":112},"6":{"name":"WordCloud","decl":{"start":{"line":121,"column":9},"end":{"line":121,"column":18}},"loc":{"start":{"line":127,"column":3},"end":{"line":145,"column":1}},"line":127},"7":{"name":"(anonymous_7)","decl":{"start":{"line":134,"column":17},"end":{"line":134,"column":18}},"loc":{"start":{"line":134,"column":38},"end":{"line":142,"column":7}},"line":134},"8":{"name":"StreakCounter","decl":{"start":{"line":147,"column":9},"end":{"line":147,"column":22}},"loc":{"start":{"line":147,"column":55},"end":{"line":162,"column":1}},"line":147},"9":{"name":"DashboardScreen","decl":{"start":{"line":166,"column":24},"end":{"line":166,"column":39}},"loc":{"start":{"line":166,"column":42},"end":{"line":246,"column":1}},"line":166},"10":{"name":"(anonymous_10)","decl":{"start":{"line":173,"column":16},"end":{"line":173,"column":17}},"loc":{"start":{"line":173,"column":22},"end":{"line":178,"column":5}},"line":173},"11":{"name":"(anonymous_11)","decl":{"start":{"line":188,"column":33},"end":{"line":188,"column":34}},"loc":{"start":{"line":188,"column":38},"end":{"line":188,"column":69}},"line":188},"12":{"name":"(anonymous_12)","decl":{"start":{"line":193,"column":49},"end":{"line":193,"column":50}},"loc":{"start":{"line":193,"column":54},"end":{"line":193,"column":67}},"line":193},"13":{"name":"(anonymous_13)","decl":{"start":{"line":194,"column":48},"end":{"line":194,"column":49}},"loc":{"start":{"line":194,"column":53},"end":{"line":194,"column":67}},"line":194},"14":{"name":"(anonymous_14)","decl":{"start":{"line":202,"column":19},"end":{"line":202,"column":20}},"loc":{"start":{"line":202,"column":25},"end":{"line":202,"column":72}},"line":202}},"branchMap":{"0":{"loc":{"start":{"line":53,"column":26},"end":{"line":53,"column":53}},"type":"binary-expr","locations":[{"start":{"line":53,"column":26},"end":{"line":53,"column":37}},{"start":{"line":53,"column":41},"end":{"line":53,"column":53}}],"line":53},"1":{"loc":{"start":{"line":57,"column":34},"end":{"line":57,"column":63}},"type":"binary-expr","locations":[{"start":{"line":57,"column":34},"end":{"line":57,"column":45}},{"start":{"line":57,"column":49},"end":{"line":57,"column":63}}],"line":57},"2":{"loc":{"start":{"line":80,"column":12},"end":{"line":80,"column":76}},"type":"cond-expr","locations":[{"start":{"line":80,"column":32},"end":{"line":80,"column":72}},{"start":{"line":80,"column":75},"end":{"line":80,"column":76}}],"line":80},"3":{"loc":{"start":{"line":82,"column":12},"end":{"line":82,"column":72}},"type":"cond-expr","locations":[{"start":{"line":82,"column":32},"end":{"line":82,"column":65}},{"start":{"line":82,"column":68},"end":{"line":82,"column":72}}],"line":82},"4":{"loc":{"start":{"line":93,"column":15},"end":{"line":95,"column":15}},"type":"binary-expr","locations":[{"start":{"line":93,"column":15},"end":{"line":93,"column":28}},{"start":{"line":94,"column":16},"end":{"line":94,"column":53}}],"line":93},"5":{"loc":{"start":{"line":96,"column":15},"end":{"line":96,"column":62}},"type":"binary-expr","locations":[{"start":{"line":96,"column":15},"end":{"line":96,"column":28}},{"start":{"line":96,"column":32},"end":{"line":96,"column":62}}],"line":96},"6":{"loc":{"start":{"line":100,"column":18},"end":{"line":102,"column":33}},"type":"cond-expr","locations":[{"start":{"line":101,"column":22},"end":{"line":101,"column":65}},{"start":{"line":102,"column":22},"end":{"line":102,"column":33}}],"line":100},"7":{"loc":{"start":{"line":128,"column":2},"end":{"line":130,"column":3}},"type":"if","locations":[{"start":{"line":128,"column":2},"end":{"line":130,"column":3}},{"start":{},"end":{}}],"line":128},"8":{"loc":{"start":{"line":155,"column":9},"end":{"line":155,"column":68}},"type":"cond-expr","locations":[{"start":{"line":155,"column":24},"end":{"line":155,"column":40}},{"start":{"line":155,"column":43},"end":{"line":155,"column":68}}],"line":155},"9":{"loc":{"start":{"line":157,"column":7},"end":{"line":159,"column":7}},"type":"binary-expr","locations":[{"start":{"line":157,"column":7},"end":{"line":157,"column":19}},{"start":{"line":158,"column":8},"end":{"line":158,"column":78}}],"line":157},"10":{"loc":{"start":{"line":182,"column":4},"end":{"line":186,"column":33}},"type":"cond-expr","locations":[{"start":{"line":183,"column":8},"end":{"line":183,"column":31}},{"start":{"line":184,"column":8},"end":{"line":186,"column":33}}],"line":182},"11":{"loc":{"start":{"line":184,"column":8},"end":{"line":186,"column":33}},"type":"cond-expr","locations":[{"start":{"line":185,"column":8},"end":{"line":185,"column":32}},{"start":{"line":186,"column":8},"end":{"line":186,"column":33}}],"line":184}},"s":{"0":1,"1":1,"2":6,"3":6,"4":18,"5":1,"6":18,"7":117,"8":117,"9":117,"10":117,"11":12,"12":12,"13":0,"14":0,"15":0,"16":0,"17":0,"18":6,"19":6,"20":6,"21":6,"22":6,"23":6,"24":0,"25":0,"26":0,"27":0,"28":6,"29":6,"30":0,"31":6,"32":6,"33":6,"34":6,"35":0,"36":6,"37":0,"38":6,"39":6,"40":0,"41":1,"42":1,"43":1,"44":1,"45":1,"46":1},"f":{"0":6,"1":18,"2":1,"3":18,"4":117,"5":117,"6":12,"7":0,"8":6,"9":6,"10":0,"11":0,"12":0,"13":0,"14":0},"b":{"0":[18,6],"1":[18,6],"2":[0,117],"3":[0,117],"4":[117,0],"5":[117,0],"6":[0,117],"7":[12,0],"8":[0,6],"9":[6,6],"10":[5,1],"11":[1,0]},"_coverageSchema":"1a1c01bbd47fc00a2c39e90264f33305004495a9","hash":"af7b1dfa45bdd5ba07fdbea0f3450f915e6c862b"}
,"/Users/teddeejordan/Desktop/Development/mood_buddy/app/(drawer)/(tabs)/index.tsx": {"path":"/Users/teddeejordan/Desktop/Development/mood_buddy/app/(drawer)/(tabs)/index.tsx","statementMap":{"0":{"start":{"line":13,"column":21},"end":{"line":13,"column":36}},"1":{"start":{"line":14,"column":17},"end":{"line":14,"column":36}},"2":{"start":{"line":16,"column":26},"end":{"line":16,"column":55}},"3":{"start":{"line":17,"column":30},"end":{"line":17,"column":59}},"4":{"start":{"line":18,"column":38},"end":{"line":18,"column":50}},"5":{"start":{"line":19,"column":32},"end":{"line":19,"column":61}},"6":{"start":{"line":20,"column":40},"end":{"line":20,"column":52}},"7":{"start":{"line":22,"column":26},"end":{"line":22,"column":56}},"8":{"start":{"line":23,"column":27},"end":{"line":23,"column":59}},"9":{"start":{"line":26,"column":4},"end":{"line":29,"column":5}},"10":{"start":{"line":27,"column":6},"end":{"line":27,"column":106}},"11":{"start":{"line":28,"column":6},"end":{"line":28,"column":13}},"12":{"start":{"line":31,"column":4},"end":{"line":38,"column":7}},"13":{"start":{"line":40,"column":4},"end":{"line":40,"column":18}},"14":{"start":{"line":41,"column":4},"end":{"line":41,"column":20}},"15":{"start":{"line":42,"column":4},"end":{"line":42,"column":22}},"16":{"start":{"line":43,"column":4},"end":{"line":43,"column":21}},"17":{"start":{"line":44,"column":4},"end":{"line":44,"column":23}},"18":{"start":{"line":46,"column":4},"end":{"line":46,"column":58}},"19":{"start":{"line":50,"column":4},"end":{"line":50,"column":21}},"20":{"start":{"line":51,"column":4},"end":{"line":51,"column":37}},"21":{"start":{"line":51,"column":19},"end":{"line":51,"column":37}},"22":{"start":{"line":55,"column":4},"end":{"line":55,"column":22}},"23":{"start":{"line":56,"column":4},"end":{"line":56,"column":38}},"24":{"start":{"line":56,"column":19},"end":{"line":56,"column":38}},"25":{"start":{"line":59,"column":2},"end":{"line":138,"column":4}},"26":{"start":{"line":64,"column":25},"end":{"line":64,"column":72}},"27":{"start":{"line":141,"column":15},"end":{"line":201,"column":2}}},"fnMap":{"0":{"name":"HomeScreen","decl":{"start":{"line":12,"column":24},"end":{"line":12,"column":34}},"loc":{"start":{"line":12,"column":37},"end":{"line":139,"column":1}},"line":12},"1":{"name":"handleSubmit","decl":{"start":{"line":25,"column":11},"end":{"line":25,"column":23}},"loc":{"start":{"line":25,"column":26},"end":{"line":47,"column":3}},"line":25},"2":{"name":"handleStressSelect","decl":{"start":{"line":49,"column":11},"end":{"line":49,"column":29}},"loc":{"start":{"line":49,"column":45},"end":{"line":52,"column":3}},"line":49},"3":{"name":"handleAnxietySelect","decl":{"start":{"line":54,"column":11},"end":{"line":54,"column":30}},"loc":{"start":{"line":54,"column":46},"end":{"line":57,"column":3}},"line":54},"4":{"name":"(anonymous_4)","decl":{"start":{"line":64,"column":19},"end":{"line":64,"column":20}},"loc":{"start":{"line":64,"column":25},"end":{"line":64,"column":72}},"line":64}},"branchMap":{"0":{"loc":{"start":{"line":22,"column":26},"end":{"line":22,"column":56}},"type":"binary-expr","locations":[{"start":{"line":22,"column":26},"end":{"line":22,"column":41}},{"start":{"line":22,"column":45},"end":{"line":22,"column":56}}],"line":22},"1":{"loc":{"start":{"line":23,"column":27},"end":{"line":23,"column":59}},"type":"binary-expr","locations":[{"start":{"line":23,"column":27},"end":{"line":23,"column":43}},{"start":{"line":23,"column":47},"end":{"line":23,"column":59}}],"line":23},"2":{"loc":{"start":{"line":26,"column":4},"end":{"line":29,"column":5}},"type":"if","locations":[{"start":{"line":26,"column":4},"end":{"line":29,"column":5}},{"start":{},"end":{}}],"line":26},"3":{"loc":{"start":{"line":26,"column":8},"end":{"line":26,"column":60}},"type":"binary-expr","locations":[{"start":{"line":26,"column":8},"end":{"line":26,"column":21}},{"start":{"line":26,"column":25},"end":{"line":26,"column":40}},{"start":{"line":26,"column":44},"end":{"line":26,"column":60}}],"line":26},"4":{"loc":{"start":{"line":35,"column":19},"end":{"line":35,"column":69}},"type":"cond-expr","locations":[{"start":{"line":35,"column":37},"end":{"line":35,"column":62}},{"start":{"line":35,"column":65},"end":{"line":35,"column":69}}],"line":35},"5":{"loc":{"start":{"line":35,"column":37},"end":{"line":35,"column":62}},"type":"binary-expr","locations":[{"start":{"line":35,"column":37},"end":{"line":35,"column":54}},{"start":{"line":35,"column":58},"end":{"line":35,"column":62}}],"line":35},"6":{"loc":{"start":{"line":37,"column":20},"end":{"line":37,"column":72}},"type":"cond-expr","locations":[{"start":{"line":37,"column":39},"end":{"line":37,"column":65}},{"start":{"line":37,"column":68},"end":{"line":37,"column":72}}],"line":37},"7":{"loc":{"start":{"line":37,"column":39},"end":{"line":37,"column":65}},"type":"binary-expr","locations":[{"start":{"line":37,"column":39},"end":{"line":37,"column":57}},{"start":{"line":37,"column":61},"end":{"line":37,"column":65}}],"line":37},"8":{"loc":{"start":{"line":51,"column":4},"end":{"line":51,"column":37}},"type":"if","locations":[{"start":{"line":51,"column":4},"end":{"line":51,"column":37}},{"start":{},"end":{}}],"line":51},"9":{"loc":{"start":{"line":56,"column":4},"end":{"line":56,"column":38}},"type":"if","locations":[{"start":{"line":56,"column":4},"end":{"line":56,"column":38}},{"start":{},"end":{}}],"line":56},"10":{"loc":{"start":{"line":84,"column":9},"end":{"line":100,"column":9}},"type":"binary-expr","locations":[{"start":{"line":84,"column":9},"end":{"line":84,"column":24}},{"start":{"line":85,"column":10},"end":{"line":99,"column":17}}],"line":84},"11":{"loc":{"start":{"line":107,"column":9},"end":{"line":123,"column":9}},"type":"binary-expr","locations":[{"start":{"line":107,"column":9},"end":{"line":107,"column":25}},{"start":{"line":108,"column":10},"end":{"line":122,"column":17}}],"line":107}},"s":{"0":16,"1":16,"2":16,"3":16,"4":16,"5":16,"6":16,"7":16,"8":16,"9":2,"10":1,"11":1,"12":1,"13":1,"14":1,"15":1,"16":1,"17":1,"18":1,"19":4,"20":4,"21":2,"22":2,"23":2,"24":1,"25":16,"26":0,"27":1},"f":{"0":16,"1":2,"2":4,"3":2,"4":0},"b":{"0":[16,5],"1":[16,2],"2":[1,1],"3":[2,1,1],"4":[0,1],"5":[0,0],"6":[0,1],"7":[0,0],"8":[2,2],"9":[1,1],"10":[16,2],"11":[16,1]},"_coverageSchema":"1a1c01bbd47fc00a2c39e90264f33305004495a9","hash":"9536d2e7c58840206f3d62ac69b8e4c65a0de824"}
,"/Users/teddeejordan/Desktop/Development/mood_buddy/components/emoji-picker.tsx": {"path":"/Users/teddeejordan/Desktop/Development/mood_buddy/components/emoji-picker.tsx","statementMap":{"0":{"start":{"line":12,"column":2},"end":{"line":38,"column":4}},"1":{"start":{"line":15,"column":27},"end":{"line":15,"column":52}},"2":{"start":{"line":16,"column":8},"end":{"line":35,"column":10}},"3":{"start":{"line":19,"column":36},"end":{"line":23,"column":13}},"4":{"start":{"line":24,"column":27},"end":{"line":24,"column":49}},"5":{"start":{"line":41,"column":15},"end":{"line":82,"column":2}}},"fnMap":{"0":{"name":"EmojiPicker","decl":{"start":{"line":11,"column":16},"end":{"line":11,"column":27}},"loc":{"start":{"line":11,"column":68},"end":{"line":39,"column":1}},"line":11},"1":{"name":"(anonymous_1)","decl":{"start":{"line":14,"column":19},"end":{"line":14,"column":20}},"loc":{"start":{"line":14,"column":31},"end":{"line":36,"column":7}},"line":14},"2":{"name":"(anonymous_2)","decl":{"start":{"line":19,"column":19},"end":{"line":19,"column":20}},"loc":{"start":{"line":19,"column":36},"end":{"line":23,"column":13}},"line":19},"3":{"name":"(anonymous_3)","decl":{"start":{"line":24,"column":21},"end":{"line":24,"column":22}},"loc":{"start":{"line":24,"column":27},"end":{"line":24,"column":49}},"line":24}},"branchMap":{"0":{"loc":{"start":{"line":21,"column":14},"end":{"line":21,"column":47}},"type":"binary-expr","locations":[{"start":{"line":21,"column":14},"end":{"line":21,"column":24}},{"start":{"line":21,"column":28},"end":{"line":21,"column":47}}],"line":21},"1":{"loc":{"start":{"line":22,"column":14},"end":{"line":22,"column":58}},"type":"binary-expr","locations":[{"start":{"line":22,"column":14},"end":{"line":22,"column":21}},{"start":{"line":22,"column":25},"end":{"line":22,"column":36}},{"start":{"line":22,"column":40},"end":{"line":22,"column":58}}],"line":22},"2":{"loc":{"start":{"line":28,"column":36},"end":{"line":28,"column":70}},"type":"binary-expr","locations":[{"start":{"line":28,"column":36},"end":{"line":28,"column":46}},{"start":{"line":28,"column":50},"end":{"line":28,"column":70}}],"line":28}},"s":{"0":53,"1":260,"2":260,"3":260,"4":9,"5":2},"f":{"0":53,"1":260,"2":260,"3":9},"b":{"0":[260,11],"1":[260,0,0],"2":[260,11]},"_coverageSchema":"1a1c01bbd47fc00a2c39e90264f33305004495a9","hash":"8908550ae438355d91fab0f8897616d3cc8bbd31"}
,"/Users/teddeejordan/Desktop/Development/mood_buddy/constants/mood-data.ts": {"path":"/Users/teddeejordan/Desktop/Development/mood_buddy/constants/mood-data.ts","statementMap":{"0":{"start":{"line":7,"column":42},"end":{"line":13,"column":1}},"1":{"start":{"line":15,"column":44},"end":{"line":21,"column":1}},"2":{"start":{"line":23,"column":45},"end":{"line":29,"column":1}}},"fnMap":{},"branchMap":{},"s":{"0":4,"1":4,"2":4},"f":{},"b":{},"_coverageSchema":"1a1c01bbd47fc00a2c39e90264f33305004495a9","hash":"0f2ad11e7ef3dc27d8c9a514a41d998da39b9343"}
,"/Users/teddeejordan/Desktop/Development/mood_buddy/constants/theme.ts": {"path":"/Users/teddeejordan/Desktop/Development/mood_buddy/constants/theme.ts","statementMap":{"0":{"start":{"line":13,"column":55},"end":{"line":35,"column":1}},"1":{"start":{"line":37,"column":22},"end":{"line":54,"column":1}},"2":{"start":{"line":56,"column":21},"end":{"line":75,"column":2}}},"fnMap":{},"branchMap":{},"s":{"0":5,"1":5,"2":5},"f":{},"b":{},"_coverageSchema":"1a1c01bbd47fc00a2c39e90264f33305004495a9","hash":"b8bcd7b5c0e760b8dcdd7e0dc5ca158f762eb503"}
,"/Users/teddeejordan/Desktop/Development/mood_buddy/hooks/use-theme-color.ts": {"path":"/Users/teddeejordan/Desktop/Development/mood_buddy/hooks/use-theme-color.ts","statementMap":{"0":{"start":{"line":13,"column":16},"end":{"line":13,"column":43}},"1":{"start":{"line":14,"column":25},"end":{"line":14,"column":37}},"2":{"start":{"line":16,"column":2},"end":{"line":20,"column":3}},"3":{"start":{"line":17,"column":4},"end":{"line":17,"column":26}},"4":{"start":{"line":19,"column":4},"end":{"line":19,"column":36}}},"fnMap":{"0":{"name":"useThemeColor","decl":{"start":{"line":9,"column":16},"end":{"line":9,"column":29}},"loc":{"start":{"line":12,"column":2},"end":{"line":21,"column":1}},"line":12}},"branchMap":{"0":{"loc":{"start":{"line":13,"column":16},"end":{"line":13,"column":43}},"type":"binary-expr","locations":[{"start":{"line":13,"column":16},"end":{"line":13,"column":32}},{"start":{"line":13,"column":36},"end":{"line":13,"column":43}}],"line":13},"1":{"loc":{"start":{"line":16,"column":2},"end":{"line":20,"column":3}},"type":"if","locations":[{"start":{"line":16,"column":2},"end":{"line":20,"column":3}},{"start":{"line":18,"column":9},"end":{"line":20,"column":3}}],"line":16}},"s":{"0":5,"1":5,"2":5,"3":2,"4":3},"f":{"0":5},"b":{"0":[5,1],"1":[2,3]},"_coverageSchema":"1a1c01bbd47fc00a2c39e90264f33305004495a9","hash":"3c3d29edbdf515e1da28accd8ffd2c01727527dc"}
,"/Users/teddeejordan/Desktop/Development/mood_buddy/lib/dashboard-utils.ts": {"path":"/Users/teddeejordan/Desktop/Development/mood_buddy/lib/dashboard-utils.ts","statementMap":{"0":{"start":{"line":11,"column":26},"end":{"line":11,"column":68}},"1":{"start":{"line":12,"column":28},"end":{"line":12,"column":112}},"2":{"start":{"line":14,"column":26},"end":{"line":20,"column":2}},"3":{"start":{"line":23,"column":2},"end":{"line":23,"column":115}},"4":{"start":{"line":27,"column":15},"end":{"line":27,"column":26}},"5":{"start":{"line":28,"column":2},"end":{"line":28,"column":35}},"6":{"start":{"line":29,"column":2},"end":{"line":29,"column":14}},"7":{"start":{"line":33,"column":2},"end":{"line":33,"column":73}},"8":{"start":{"line":33,"column":27},"end":{"line":33,"column":56}},"9":{"start":{"line":37,"column":18},"end":{"line":37,"column":35}},"10":{"start":{"line":38,"column":16},"end":{"line":38,"column":40}},"11":{"start":{"line":39,"column":20},"end":{"line":39,"column":57}},"12":{"start":{"line":41,"column":16},"end":{"line":45,"column":10}},"13":{"start":{"line":46,"column":2},"end":{"line":46,"column":23}},"14":{"start":{"line":46,"column":14},"end":{"line":46,"column":23}},"15":{"start":{"line":48,"column":14},"end":{"line":48,"column":15}},"16":{"start":{"line":49,"column":12},"end":{"line":49,"column":41}},"17":{"start":{"line":50,"column":2},"end":{"line":53,"column":3}},"18":{"start":{"line":51,"column":4},"end":{"line":51,"column":12}},"19":{"start":{"line":52,"column":4},"end":{"line":52,"column":27}},"20":{"start":{"line":54,"column":2},"end":{"line":54,"column":15}},"21":{"start":{"line":61,"column":39},"end":{"line":61,"column":41}},"22":{"start":{"line":62,"column":2},"end":{"line":70,"column":3}},"23":{"start":{"line":63,"column":4},"end":{"line":63,"column":24}},"24":{"start":{"line":63,"column":15},"end":{"line":63,"column":24}},"25":{"start":{"line":64,"column":4},"end":{"line":69,"column":55}},"26":{"start":{"line":68,"column":19},"end":{"line":68,"column":53}},"27":{"start":{"line":69,"column":22},"end":{"line":69,"column":51}},"28":{"start":{"line":71,"column":2},"end":{"line":74,"column":47}},"29":{"start":{"line":72,"column":20},"end":{"line":72,"column":31}},"30":{"start":{"line":74,"column":29},"end":{"line":74,"column":44}},"31":{"start":{"line":82,"column":14},"end":{"line":82,"column":24}},"32":{"start":{"line":84,"column":2},"end":{"line":94,"column":3}},"33":{"start":{"line":85,"column":4},"end":{"line":93,"column":7}},"34":{"start":{"line":86,"column":18},"end":{"line":86,"column":40}},"35":{"start":{"line":87,"column":17},"end":{"line":87,"column":34}},"36":{"start":{"line":88,"column":25},"end":{"line":88,"column":88}},"37":{"start":{"line":88,"column":45},"end":{"line":88,"column":87}},"38":{"start":{"line":89,"column":18},"end":{"line":91,"column":14}},"39":{"start":{"line":90,"column":38},"end":{"line":90,"column":50}},"40":{"start":{"line":92,"column":6},"end":{"line":92,"column":61}},"41":{"start":{"line":96,"column":2},"end":{"line":111,"column":3}},"42":{"start":{"line":97,"column":4},"end":{"line":110,"column":7}},"43":{"start":{"line":98,"column":22},"end":{"line":98,"column":48}},"44":{"start":{"line":99,"column":24},"end":{"line":99,"column":44}},"45":{"start":{"line":100,"column":17},"end":{"line":100,"column":40}},"46":{"start":{"line":101,"column":17},"end":{"line":101,"column":38}},"47":{"start":{"line":102,"column":23},"end":{"line":105,"column":8}},"48":{"start":{"line":103,"column":18},"end":{"line":103,"column":53}},"49":{"start":{"line":104,"column":8},"end":{"line":104,"column":34}},"50":{"start":{"line":106,"column":18},"end":{"line":108,"column":14}},"51":{"start":{"line":107,"column":36},"end":{"line":107,"column":48}},"52":{"start":{"line":109,"column":6},"end":{"line":109,"column":48}},"53":{"start":{"line":113,"column":2},"end":{"line":125,"column":5}},"54":{"start":{"line":114,"column":22},"end":{"line":114,"column":77}},"55":{"start":{"line":115,"column":14},"end":{"line":115,"column":37}},"56":{"start":{"line":116,"column":14},"end":{"line":116,"column":34}},"57":{"start":{"line":117,"column":21},"end":{"line":120,"column":6}},"58":{"start":{"line":118,"column":16},"end":{"line":118,"column":37}},"59":{"start":{"line":119,"column":6},"end":{"line":119,"column":57}},"60":{"start":{"line":121,"column":16},"end":{"line":123,"column":12}},"61":{"start":{"line":122,"column":34},"end":{"line":122,"column":46}},"62":{"start":{"line":124,"column":4},"end":{"line":124,"column":50}}},"fnMap":{"0":{"name":"localDateStr","decl":{"start":{"line":22,"column":16},"end":{"line":22,"column":28}},"loc":{"start":{"line":22,"column":46},"end":{"line":24,"column":1}},"line":22},"1":{"name":"addDays","decl":{"start":{"line":26,"column":16},"end":{"line":26,"column":23}},"loc":{"start":{"line":26,"column":50},"end":{"line":30,"column":1}},"line":26},"2":{"name":"emojiForValue","decl":{"start":{"line":32,"column":16},"end":{"line":32,"column":29}},"loc":{"start":{"line":32,"column":76},"end":{"line":34,"column":1}},"line":32},"3":{"name":"(anonymous_3)","decl":{"start":{"line":33,"column":22},"end":{"line":33,"column":23}},"loc":{"start":{"line":33,"column":27},"end":{"line":33,"column":56}},"line":33},"4":{"name":"computeStreak","decl":{"start":{"line":36,"column":16},"end":{"line":36,"column":29}},"loc":{"start":{"line":36,"column":58},"end":{"line":55,"column":1}},"line":36},"5":{"name":"parseTopWords","decl":{"start":{"line":57,"column":16},"end":{"line":57,"column":29}},"loc":{"start":{"line":60,"column":37},"end":{"line":75,"column":1}},"line":60},"6":{"name":"(anonymous_6)","decl":{"start":{"line":68,"column":14},"end":{"line":68,"column":15}},"loc":{"start":{"line":68,"column":19},"end":{"line":68,"column":53}},"line":68},"7":{"name":"(anonymous_7)","decl":{"start":{"line":69,"column":15},"end":{"line":69,"column":16}},"loc":{"start":{"line":69,"column":20},"end":{"line":69,"column":53}},"line":69},"8":{"name":"(anonymous_8)","decl":{"start":{"line":72,"column":10},"end":{"line":72,"column":11}},"loc":{"start":{"line":72,"column":20},"end":{"line":72,"column":31}},"line":72},"9":{"name":"(anonymous_9)","decl":{"start":{"line":74,"column":9},"end":{"line":74,"column":10}},"loc":{"start":{"line":74,"column":29},"end":{"line":74,"column":44}},"line":74},"10":{"name":"buildBars","decl":{"start":{"line":77,"column":16},"end":{"line":77,"column":25}},"loc":{"start":{"line":81,"column":13},"end":{"line":126,"column":1}},"line":81},"11":{"name":"(anonymous_11)","decl":{"start":{"line":85,"column":37},"end":{"line":85,"column":38}},"loc":{"start":{"line":85,"column":47},"end":{"line":93,"column":5}},"line":85},"12":{"name":"(anonymous_12)","decl":{"start":{"line":88,"column":40},"end":{"line":88,"column":41}},"loc":{"start":{"line":88,"column":45},"end":{"line":88,"column":87}},"line":88},"13":{"name":"(anonymous_13)","decl":{"start":{"line":90,"column":28},"end":{"line":90,"column":29}},"loc":{"start":{"line":90,"column":38},"end":{"line":90,"column":50}},"line":90},"14":{"name":"(anonymous_14)","decl":{"start":{"line":97,"column":37},"end":{"line":97,"column":38}},"loc":{"start":{"line":97,"column":47},"end":{"line":110,"column":5}},"line":97},"15":{"name":"(anonymous_15)","decl":{"start":{"line":102,"column":38},"end":{"line":102,"column":39}},"loc":{"start":{"line":102,"column":43},"end":{"line":105,"column":7}},"line":102},"16":{"name":"(anonymous_16)","decl":{"start":{"line":107,"column":26},"end":{"line":107,"column":27}},"loc":{"start":{"line":107,"column":36},"end":{"line":107,"column":48}},"line":107},"17":{"name":"(anonymous_17)","decl":{"start":{"line":113,"column":36},"end":{"line":113,"column":37}},"loc":{"start":{"line":113,"column":46},"end":{"line":125,"column":3}},"line":113},"18":{"name":"(anonymous_18)","decl":{"start":{"line":117,"column":36},"end":{"line":117,"column":37}},"loc":{"start":{"line":117,"column":41},"end":{"line":120,"column":5}},"line":117},"19":{"name":"(anonymous_19)","decl":{"start":{"line":122,"column":24},"end":{"line":122,"column":25}},"loc":{"start":{"line":122,"column":34},"end":{"line":122,"column":46}},"line":122}},"branchMap":{"0":{"loc":{"start":{"line":33,"column":9},"end":{"line":33,"column":72}},"type":"binary-expr","locations":[{"start":{"line":33,"column":9},"end":{"line":33,"column":64}},{"start":{"line":33,"column":68},"end":{"line":33,"column":72}}],"line":33},"1":{"loc":{"start":{"line":41,"column":16},"end":{"line":45,"column":10}},"type":"cond-expr","locations":[{"start":{"line":42,"column":6},"end":{"line":42,"column":11}},{"start":{"line":43,"column":6},"end":{"line":45,"column":10}}],"line":41},"2":{"loc":{"start":{"line":43,"column":6},"end":{"line":45,"column":10}},"type":"cond-expr","locations":[{"start":{"line":44,"column":6},"end":{"line":44,"column":15}},{"start":{"line":45,"column":6},"end":{"line":45,"column":10}}],"line":43},"3":{"loc":{"start":{"line":46,"column":2},"end":{"line":46,"column":23}},"type":"if","locations":[{"start":{"line":46,"column":2},"end":{"line":46,"column":23}},{"start":{},"end":{}}],"line":46},"4":{"loc":{"start":{"line":63,"column":4},"end":{"line":63,"column":24}},"type":"if","locations":[{"start":{"line":63,"column":4},"end":{"line":63,"column":24}},{"start":{},"end":{}}],"line":63},"5":{"loc":{"start":{"line":68,"column":19},"end":{"line":68,"column":53}},"type":"binary-expr","locations":[{"start":{"line":68,"column":19},"end":{"line":68,"column":31}},{"start":{"line":68,"column":35},"end":{"line":68,"column":53}}],"line":68},"6":{"loc":{"start":{"line":69,"column":33},"end":{"line":69,"column":45}},"type":"binary-expr","locations":[{"start":{"line":69,"column":33},"end":{"line":69,"column":40}},{"start":{"line":69,"column":44},"end":{"line":69,"column":45}}],"line":69},"7":{"loc":{"start":{"line":84,"column":2},"end":{"line":94,"column":3}},"type":"if","locations":[{"start":{"line":84,"column":2},"end":{"line":94,"column":3}},{"start":{},"end":{}}],"line":84},"8":{"loc":{"start":{"line":89,"column":18},"end":{"line":91,"column":14}},"type":"cond-expr","locations":[{"start":{"line":90,"column":10},"end":{"line":90,"column":74}},{"start":{"line":91,"column":10},"end":{"line":91,"column":14}}],"line":89},"9":{"loc":{"start":{"line":96,"column":2},"end":{"line":111,"column":3}},"type":"if","locations":[{"start":{"line":96,"column":2},"end":{"line":111,"column":3}},{"start":{},"end":{}}],"line":96},"10":{"loc":{"start":{"line":104,"column":15},"end":{"line":104,"column":33}},"type":"binary-expr","locations":[{"start":{"line":104,"column":15},"end":{"line":104,"column":22}},{"start":{"line":104,"column":26},"end":{"line":104,"column":33}}],"line":104},"11":{"loc":{"start":{"line":106,"column":18},"end":{"line":108,"column":14}},"type":"cond-expr","locations":[{"start":{"line":107,"column":10},"end":{"line":107,"column":70}},{"start":{"line":108,"column":10},"end":{"line":108,"column":14}}],"line":106},"12":{"loc":{"start":{"line":119,"column":13},"end":{"line":119,"column":56}},"type":"binary-expr","locations":[{"start":{"line":119,"column":13},"end":{"line":119,"column":34}},{"start":{"line":119,"column":38},"end":{"line":119,"column":56}}],"line":119},"13":{"loc":{"start":{"line":121,"column":16},"end":{"line":123,"column":12}},"type":"cond-expr","locations":[{"start":{"line":122,"column":8},"end":{"line":122,"column":68}},{"start":{"line":123,"column":8},"end":{"line":123,"column":12}}],"line":121}},"s":{"0":2,"1":2,"2":2,"3":247,"4":212,"5":212,"6":212,"7":5,"8":19,"9":13,"10":13,"11":13,"12":13,"13":13,"14":8,"15":5,"16":5,"17":5,"18":9,"19":9,"20":5,"21":19,"22":19,"23":8,"24":2,"25":6,"26":21,"27":16,"28":19,"29":7,"30":10,"31":27,"32":27,"33":20,"34":140,"35":140,"36":140,"37":21,"38":140,"39":3,"40":140,"41":7,"42":5,"43":20,"44":20,"45":20,"46":20,"47":20,"48":0,"49":0,"50":20,"51":0,"52":20,"53":2,"54":24,"55":24,"56":24,"57":24,"58":0,"59":0,"60":24,"61":0,"62":24},"f":{"0":247,"1":212,"2":5,"3":19,"4":13,"5":19,"6":21,"7":16,"8":7,"9":10,"10":27,"11":140,"12":21,"13":3,"14":20,"15":0,"16":0,"17":24,"18":0,"19":0},"b":{"0":[5,1],"1":[4,9],"2":[1,8],"3":[8,5],"4":[2,6],"5":[21,18],"6":[16,12],"7":[20,7],"8":[2,138],"9":[5,2],"10":[0,0],"11":[0,20],"12":[0,0],"13":[0,24]},"_coverageSchema":"1a1c01bbd47fc00a2c39e90264f33305004495a9","hash":"7c475a5a470914aa5699e027e903b8ac890728c9"}
,"/Users/teddeejordan/Desktop/Development/mood_buddy/lib/database.ts": {"path":"/Users/teddeejordan/Desktop/Development/mood_buddy/lib/database.ts","statementMap":{"0":{"start":{"line":3,"column":11},"end":{"line":3,"column":50}},"1":{"start":{"line":16,"column":2},"end":{"line":26,"column":5}},"2":{"start":{"line":30,"column":2},"end":{"line":34,"column":4}},"3":{"start":{"line":38,"column":2},"end":{"line":38,"column":88}},"4":{"start":{"line":42,"column":2},"end":{"line":45,"column":4}},"5":{"start":{"line":54,"column":2},"end":{"line":61,"column":5}},"6":{"start":{"line":65,"column":2},"end":{"line":68,"column":4}},"7":{"start":{"line":72,"column":2},"end":{"line":75,"column":4}},"8":{"start":{"line":79,"column":15},"end":{"line":81,"column":3}},"9":{"start":{"line":82,"column":15},"end":{"line":82,"column":32}},"10":{"start":{"line":83,"column":2},"end":{"line":87,"column":3}},"11":{"start":{"line":84,"column":14},"end":{"line":84,"column":33}},"12":{"start":{"line":85,"column":16},"end":{"line":85,"column":121}},"13":{"start":{"line":86,"column":4},"end":{"line":86,"column":18}},"14":{"start":{"line":88,"column":2},"end":{"line":88,"column":19}}},"fnMap":{"0":{"name":"initDatabase","decl":{"start":{"line":15,"column":16},"end":{"line":15,"column":28}},"loc":{"start":{"line":15,"column":31},"end":{"line":27,"column":1}},"line":15},"1":{"name":"insertMoodEntry","decl":{"start":{"line":29,"column":16},"end":{"line":29,"column":31}},"loc":{"start":{"line":29,"column":62},"end":{"line":35,"column":1}},"line":29},"2":{"name":"getAllEntries","decl":{"start":{"line":37,"column":16},"end":{"line":37,"column":29}},"loc":{"start":{"line":37,"column":45},"end":{"line":39,"column":1}},"line":37},"3":{"name":"getEntriesForDateRange","decl":{"start":{"line":41,"column":16},"end":{"line":41,"column":38}},"loc":{"start":{"line":41,"column":86},"end":{"line":46,"column":1}},"line":41},"4":{"name":"initProfile","decl":{"start":{"line":53,"column":16},"end":{"line":53,"column":27}},"loc":{"start":{"line":53,"column":30},"end":{"line":62,"column":1}},"line":53},"5":{"name":"getProfile","decl":{"start":{"line":64,"column":16},"end":{"line":64,"column":26}},"loc":{"start":{"line":64,"column":38},"end":{"line":69,"column":1}},"line":64},"6":{"name":"saveProfile","decl":{"start":{"line":71,"column":16},"end":{"line":71,"column":27}},"loc":{"start":{"line":71,"column":46},"end":{"line":76,"column":1}},"line":71},"7":{"name":"getAllEntryDates","decl":{"start":{"line":78,"column":16},"end":{"line":78,"column":32}},"loc":{"start":{"line":78,"column":45},"end":{"line":89,"column":1}},"line":78}},"branchMap":{"0":{"loc":{"start":{"line":33,"column":48},"end":{"line":33,"column":73}},"type":"binary-expr","locations":[{"start":{"line":33,"column":48},"end":{"line":33,"column":65}},{"start":{"line":33,"column":69},"end":{"line":33,"column":73}}],"line":33},"1":{"loc":{"start":{"line":33,"column":90},"end":{"line":33,"column":116}},"type":"binary-expr","locations":[{"start":{"line":33,"column":90},"end":{"line":33,"column":108}},{"start":{"line":33,"column":112},"end":{"line":33,"column":116}}],"line":33},"2":{"loc":{"start":{"line":66,"column":4},"end":{"line":67,"column":32}},"type":"binary-expr","locations":[{"start":{"line":66,"column":4},"end":{"line":66,"column":79}},{"start":{"line":67,"column":4},"end":{"line":67,"column":32}}],"line":66},"3":{"loc":{"start":{"line":74,"column":18},"end":{"line":74,"column":43}},"type":"binary-expr","locations":[{"start":{"line":74,"column":18},"end":{"line":74,"column":35}},{"start":{"line":74,"column":39},"end":{"line":74,"column":43}}],"line":74}},"s":{"0":3,"1":1,"2":3,"3":1,"4":1,"5":1,"6":2,"7":3,"8":2,"9":2,"10":2,"11":3,"12":3,"13":3,"14":2},"f":{"0":1,"1":3,"2":1,"3":1,"4":1,"5":2,"6":3,"7":2},"b":{"0":[3,3],"1":[3,2],"2":[2,1],"3":[3,2]},"_coverageSchema":"1a1c01bbd47fc00a2c39e90264f33305004495a9","hash":"cf521b6992e91cface97dc980adcfb759f21d32b"}
}
