TN:
SF:app/(drawer)/profile.tsx
FN:7,ProfileScreen
FN:15,(anonymous_1)
FNF:2
FNH:1
FNDA:2,ProfileScreen
FNDA:0,(anonymous_1)
DA:8,2
DA:10,2
DA:15,0
DA:29,1
LF:4
LH:3
BRF:0
BRH:0
end_of_record
TN:
SF:app/(drawer)/settings.tsx
FN:7,SettingsScreen
FN:15,(anonymous_1)
FNF:2
FNH:1
FNDA:2,SettingsScreen
FNDA:0,(anonymous_1)
DA:8,2
DA:10,2
DA:15,0
DA:29,1
LF:4
LH:3
BRF:0
BRH:0
end_of_record
TN:
SF:app/(drawer)/(tabs)/dashboard.tsx
FN:40,RangeSelector
FN:50,(anonymous_1)
FN:54,(anonymous_2)
FN:66,BarChart
FN:78,(anonymous_4)
FN:111,(anonymous_5)
FN:121,WordCloud
FN:134,(anonymous_7)
FN:147,StreakCounter
FN:166,DashboardScreen
FN:173,(anonymous_10)
FN:188,(anonymous_11)
FN:193,(anonymous_12)
FN:194,(anonymous_13)
FN:202,(anonymous_14)
FNF:15
FNH:9
FNDA:6,RangeSelector
FNDA:18,(anonymous_1)
FNDA:1,(anonymous_2)
FNDA:18,BarChart
FNDA:117,(anonymous_4)
FNDA:117,(anonymous_5)
FNDA:12,WordCloud
FNDA:0,(anonymous_7)
FNDA:6,StreakCounter
FNDA:6,DashboardScreen
FNDA:0,(anonymous_10)
FNDA:0,(anonymous_11)
FNDA:0,(anonymous_12)
FNDA:0,(anonymous_13)
FNDA:0,(anonymous_14)
DA:37,1
DA:38,1
DA:47,6
DA:48,6
DA:51,18
DA:54,1
DA:75,18
DA:80,117
DA:82,117
DA:83,117
DA:112,117
DA:128,12
DA:129,12
DA:131,0
DA:132,0
DA:135,0
DA:136,0
DA:137,0
DA:148,6
DA:167,6
DA:168,6
DA:169,6
DA:170,6
DA:172,6
DA:174,0
DA:175,0
DA:176,0
DA:177,0
DA:182,6
DA:188,6
DA:190,6
DA:191,6
DA:192,6
DA:193,6
DA:194,6
DA:195,6
DA:197,6
DA:202,0
DA:250,1
DA:252,1
DA:275,1
DA:299,1
DA:328,1
DA:354,1
LF:44
LH:34
BRDA:53,0,0,18
BRDA:53,0,1,6
BRDA:57,1,0,18
BRDA:57,1,1,6
BRDA:80,2,0,0
BRDA:80,2,1,117
BRDA:82,3,0,0
BRDA:82,3,1,117
BRDA:93,4,0,117
BRDA:93,4,1,0
BRDA:96,5,0,117
BRDA:96,5,1,0
BRDA:100,6,0,0
BRDA:100,6,1,117
BRDA:128,7,0,12
BRDA:128,7,1,0
BRDA:155,8,0,0
BRDA:155,8,1,6
BRDA:157,9,0,6
BRDA:157,9,1,6
BRDA:182,10,0,5
BRDA:182,10,1,1
BRDA:184,11,0,1
BRDA:184,11,1,0
BRF:24
BRH:16
end_of_record
TN:
SF:app/(drawer)/(tabs)/index.tsx
FN:12,HomeScreen
FN:25,handleSubmit
FN:49,handleStressSelect
FN:54,handleAnxietySelect
FN:64,(anonymous_4)
FNF:5
FNH:4
FNDA:16,HomeScreen
FNDA:2,handleSubmit
FNDA:4,handleStressSelect
FNDA:2,handleAnxietySelect
FNDA:0,(anonymous_4)
DA:13,16
DA:14,16
DA:16,16
DA:17,16
DA:18,16
DA:19,16
DA:20,16
DA:22,16
DA:23,16
DA:26,2
DA:27,1
DA:28,1
DA:31,1
DA:40,1
DA:41,1
DA:42,1
DA:43,1
DA:44,1
DA:46,1
DA:50,4
DA:51,4
DA:55,2
DA:56,2
DA:59,16
DA:64,0
DA:141,1
LF:26
LH:25
BRDA:22,0,0,16
BRDA:22,0,1,5
BRDA:23,1,0,16
BRDA:23,1,1,2
BRDA:26,2,0,1
BRDA:26,2,1,1
BRDA:26,3,0,2
BRDA:26,3,1,1
BRDA:26,3,2,1
BRDA:35,4,0,0
BRDA:35,4,1,1
BRDA:35,5,0,0
BRDA:35,5,1,0
BRDA:37,6,0,0
BRDA:37,6,1,1
BRDA:37,7,0,0
BRDA:37,7,1,0
BRDA:51,8,0,2
BRDA:51,8,1,2
BRDA:56,9,0,1
BRDA:56,9,1,1
BRDA:84,10,0,16
BRDA:84,10,1,2
BRDA:107,11,0,16
BRDA:107,11,1,1
BRF:25
BRH:19
end_of_record
TN:
SF:components/emoji-picker.tsx
FN:11,EmojiPicker
FN:14,(anonymous_1)
FN:19,(anonymous_2)
FN:24,(anonymous_3)
FNF:4
FNH:4
FNDA:53,EmojiPicker
FNDA:260,(anonymous_1)
FNDA:260,(anonymous_2)
FNDA:9,(anonymous_3)
DA:12,53
DA:15,260
DA:16,260
DA:19,260
DA:24,9
DA:41,2
LF:6
LH:6
BRDA:21,0,0,260
BRDA:21,0,1,11
BRDA:22,1,0,260
BRDA:22,1,1,0
BRDA:22,1,2,0
BRDA:28,2,0,260
BRDA:28,2,1,11
BRF:7
BRH:5
end_of_record
TN:
SF:constants/mood-data.ts
FNF:0
FNH:0
DA:7,4
DA:15,4
DA:23,4
LF:3
LH:3
BRF:0
BRH:0
end_of_record
TN:
SF:constants/theme.ts
FNF:0
FNH:0
DA:13,4
DA:37,4
DA:56,4
LF:3
LH:3
BRF:0
BRH:0
end_of_record
TN:
SF:hooks/use-theme-color.ts
FN:9,useThemeColor
FNF:1
FNH:1
FNDA:5,useThemeColor
DA:13,5
DA:14,5
DA:16,5
DA:17,2
DA:19,3
LF:5
LH:5
BRDA:13,0,0,5
BRDA:13,0,1,1
BRDA:16,1,0,2
BRDA:16,1,1,3
BRF:4
BRH:4
end_of_record
TN:
SF:lib/dashboard-utils.ts
FN:22,localDateStr
FN:26,addDays
FN:32,emojiForValue
FN:33,(anonymous_3)
FN:36,computeStreak
FN:57,parseTopWords
FN:68,(anonymous_6)
FN:69,(anonymous_7)
FN:72,(anonymous_8)
FN:74,(anonymous_9)
FN:77,buildBars
FN:85,(anonymous_11)
FN:88,(anonymous_12)
FN:90,(anonymous_13)
FN:97,(anonymous_14)
FN:102,(anonymous_15)
FN:107,(anonymous_16)
FN:113,(anonymous_17)
FN:117,(anonymous_18)
FN:122,(anonymous_19)
FNF:20
FNH:16
FNDA:247,localDateStr
FNDA:212,addDays
FNDA:5,emojiForValue
FNDA:19,(anonymous_3)
FNDA:13,computeStreak
FNDA:19,parseTopWords
FNDA:21,(anonymous_6)
FNDA:16,(anonymous_7)
FNDA:7,(anonymous_8)
FNDA:10,(anonymous_9)
FNDA:27,buildBars
FNDA:140,(anonymous_11)
FNDA:21,(anonymous_12)
FNDA:3,(anonymous_13)
FNDA:20,(anonymous_14)
FNDA:0,(anonymous_15)
FNDA:0,(anonymous_16)
FNDA:24,(anonymous_17)
FNDA:0,(anonymous_18)
FNDA:0,(anonymous_19)
DA:11,2
DA:12,2
DA:14,2
DA:23,247
DA:27,212
DA:28,212
DA:29,212
DA:33,19
DA:37,13
DA:38,13
DA:39,13
DA:41,13
DA:46,13
DA:48,5
DA:49,5
DA:50,5
DA:51,9
DA:52,9
DA:54,5
DA:61,19
DA:62,19
DA:63,8
DA:64,6
DA:68,21
DA:69,16
DA:71,19
DA:72,7
DA:74,10
DA:82,27
DA:84,27
DA:85,20
DA:86,140
DA:87,140
DA:88,140
DA:89,140
DA:90,3
DA:92,140
DA:96,7
DA:97,5
DA:98,20
DA:99,20
DA:100,20
DA:101,20
DA:102,20
DA:103,0
DA:104,0
DA:106,20
DA:107,0
DA:109,20
DA:113,2
DA:114,24
DA:115,24
DA:116,24
DA:117,24
DA:118,0
DA:119,0
DA:121,24
DA:122,0
DA:124,24
LF:59
LH:53
BRDA:33,0,0,5
BRDA:33,0,1,1
BRDA:41,1,0,4
BRDA:41,1,1,9
BRDA:43,2,0,1
BRDA:43,2,1,8
BRDA:46,3,0,8
BRDA:46,3,1,5
BRDA:63,4,0,2
BRDA:63,4,1,6
BRDA:68,5,0,21
BRDA:68,5,1,18
BRDA:69,6,0,16
BRDA:69,6,1,12
BRDA:84,7,0,20
BRDA:84,7,1,7
BRDA:89,8,0,2
BRDA:89,8,1,138
BRDA:96,9,0,5
BRDA:96,9,1,2
BRDA:104,10,0,0
BRDA:104,10,1,0
BRDA:106,11,0,0
BRDA:106,11,1,20
BRDA:119,12,0,0
BRDA:119,12,1,0
BRDA:121,13,0,0
BRDA:121,13,1,24
BRF:28
BRH:22
end_of_record
TN:
SF:lib/database.ts
FN:15,initDatabase
FN:29,insertMoodEntry
FN:37,getAllEntries
FN:41,getEntriesForDateRange
FN:48,getAllEntryDates
FNF:5
FNH:5
FNDA:1,initDatabase
FNDA:3,insertMoodEntry
FNDA:1,getAllEntries
FNDA:1,getEntriesForDateRange
FNDA:2,getAllEntryDates
DA:3,2
DA:16,1
DA:30,3
DA:38,1
DA:42,1
DA:49,2
DA:52,2
DA:53,2
DA:54,3
DA:55,3
DA:56,3
DA:58,2
LF:12
LH:12
BRDA:33,0,0,3
BRDA:33,0,1,3
BRDA:33,1,0,3
BRDA:33,1,1,2
BRF:4
BRH:4
end_of_record
